<?xml version="1.0" encoding="UTF-8"?>
<testng-results skipped="0" failed="0" ignored="0" total="15" passed="15">
  <reporter-output>
  </reporter-output>
  <suite name="Default suite" duration-ms="427689" started-at="2019-05-05T04:53:46Z" finished-at="2019-05-05T05:00:54Z">
    <groups>
    </groups>
    <test name="Default test" duration-ms="427689" started-at="2019-05-05T04:53:46Z" finished-at="2019-05-05T05:00:54Z">
      <class name="Runnerpackage.RunnerClass">
        <test-method status="PASS" signature="SetUpClass()[pri:0, instance:Runnerpackage.RunnerClass@3159c4b8]" name="SetUpClass" is-config="true" duration-ms="443" started-at="2019-05-05T04:53:46Z" finished-at="2019-05-05T04:53:47Z">
          <reporter-output>
          </reporter-output>
        </test-method> <!-- SetUpClass -->
        <test-method status="PASS" signature="feature(cucumber.api.testng.PickleEventWrapper, cucumber.api.testng.CucumberFeatureWrapper)[pri:0, instance:Runnerpackage.RunnerClass@3159c4b8]" name="feature" duration-ms="21831" started-at="2019-05-05T04:53:47Z" data-provider="features" finished-at="2019-05-05T04:54:09Z">
          <params>
            <param index="0">
              <value>
                <![CDATA["Homepage displayed and verify the Dresses menu option available"]]>
              </value>
            </param>
            <param index="1">
              <value>
                <![CDATA["Dresses"]]>
              </value>
            </param>
          </params>
          <reporter-output>
          </reporter-output>
        </test-method> <!-- feature -->
        <test-method status="PASS" signature="feature(cucumber.api.testng.PickleEventWrapper, cucumber.api.testng.CucumberFeatureWrapper)[pri:0, instance:Runnerpackage.RunnerClass@3159c4b8]" name="feature" duration-ms="18231" started-at="2019-05-05T04:54:09Z" data-provider="features" finished-at="2019-05-05T04:54:27Z">
          <params>
            <param index="0">
              <value>
                <![CDATA["user at the homepage and verify the Dresses menu option is click and navigate"]]>
              </value>
            </param>
            <param index="1">
              <value>
                <![CDATA["Dresses"]]>
              </value>
            </param>
          </params>
          <reporter-output>
          </reporter-output>
        </test-method> <!-- feature -->
        <test-method status="PASS" signature="feature(cucumber.api.testng.PickleEventWrapper, cucumber.api.testng.CucumberFeatureWrapper)[pri:0, instance:Runnerpackage.RunnerClass@3159c4b8]" name="feature" duration-ms="62655" started-at="2019-05-05T04:54:27Z" data-provider="features" finished-at="2019-05-05T04:55:30Z">
          <params>
            <param index="0">
              <value>
                <![CDATA["All five dresses are listed on the summary page"]]>
              </value>
            </param>
            <param index="1">
              <value>
                <![CDATA["Dresses"]]>
              </value>
            </param>
          </params>
          <reporter-output>
          </reporter-output>
        </test-method> <!-- feature -->
        <test-method status="PASS" signature="feature(cucumber.api.testng.PickleEventWrapper, cucumber.api.testng.CucumberFeatureWrapper)[pri:0, instance:Runnerpackage.RunnerClass@3159c4b8]" name="feature" duration-ms="62187" started-at="2019-05-05T04:55:30Z" data-provider="features" finished-at="2019-05-05T04:56:32Z">
          <params>
            <param index="0">
              <value>
                <![CDATA["The Total price of each dress is correct"]]>
              </value>
            </param>
            <param index="1">
              <value>
                <![CDATA["Dresses"]]>
              </value>
            </param>
          </params>
          <reporter-output>
          </reporter-output>
        </test-method> <!-- feature -->
        <test-method status="PASS" signature="feature(cucumber.api.testng.PickleEventWrapper, cucumber.api.testng.CucumberFeatureWrapper)[pri:0, instance:Runnerpackage.RunnerClass@3159c4b8]" name="feature" duration-ms="61477" started-at="2019-05-05T04:56:32Z" data-provider="features" finished-at="2019-05-05T04:57:33Z">
          <params>
            <param index="0">
              <value>
                <![CDATA["The Total product price is the sum of the total price of each dress"]]>
              </value>
            </param>
            <param index="1">
              <value>
                <![CDATA["Dresses"]]>
              </value>
            </param>
          </params>
          <reporter-output>
          </reporter-output>
        </test-method> <!-- feature -->
        <test-method status="PASS" signature="feature(cucumber.api.testng.PickleEventWrapper, cucumber.api.testng.CucumberFeatureWrapper)[pri:0, instance:Runnerpackage.RunnerClass@3159c4b8]" name="feature" duration-ms="15003" started-at="2019-05-05T04:57:33Z" data-provider="features" finished-at="2019-05-05T04:57:48Z">
          <params>
            <param index="0">
              <value>
                <![CDATA["Verify user homepage Displayed"]]>
              </value>
            </param>
            <param index="1">
              <value>
                <![CDATA["Homepage feature"]]>
              </value>
            </param>
          </params>
          <reporter-output>
          </reporter-output>
        </test-method> <!-- feature -->
        <test-method status="PASS" signature="feature(cucumber.api.testng.PickleEventWrapper, cucumber.api.testng.CucumberFeatureWrapper)[pri:0, instance:Runnerpackage.RunnerClass@3159c4b8]" name="feature" duration-ms="17175" started-at="2019-05-05T04:57:48Z" data-provider="features" finished-at="2019-05-05T04:58:05Z">
          <params>
            <param index="0">
              <value>
                <![CDATA["Verify the title of the homepage"]]>
              </value>
            </param>
            <param index="1">
              <value>
                <![CDATA["Homepage feature"]]>
              </value>
            </param>
          </params>
          <reporter-output>
          </reporter-output>
        </test-method> <!-- feature -->
        <test-method status="PASS" signature="feature(cucumber.api.testng.PickleEventWrapper, cucumber.api.testng.CucumberFeatureWrapper)[pri:0, instance:Runnerpackage.RunnerClass@3159c4b8]" name="feature" duration-ms="18195" started-at="2019-05-05T04:58:05Z" data-provider="features" finished-at="2019-05-05T04:58:24Z">
          <params>
            <param index="0">
              <value>
                <![CDATA["Verify the Text (ALREADY REGISTERED?) is present in the Login Area"]]>
              </value>
            </param>
            <param index="1">
              <value>
                <![CDATA["Login"]]>
              </value>
            </param>
          </params>
          <reporter-output>
          </reporter-output>
        </test-method> <!-- feature -->
        <test-method status="PASS" signature="feature(cucumber.api.testng.PickleEventWrapper, cucumber.api.testng.CucumberFeatureWrapper)[pri:0, instance:Runnerpackage.RunnerClass@3159c4b8]" name="feature" duration-ms="22440" started-at="2019-05-05T04:58:24Z" data-provider="features" finished-at="2019-05-05T04:58:46Z">
          <params>
            <param index="0">
              <value>
                <![CDATA["Login with valid username with valid password"]]>
              </value>
            </param>
            <param index="1">
              <value>
                <![CDATA["Login"]]>
              </value>
            </param>
          </params>
          <reporter-output>
          </reporter-output>
        </test-method> <!-- feature -->
        <test-method status="PASS" signature="feature(cucumber.api.testng.PickleEventWrapper, cucumber.api.testng.CucumberFeatureWrapper)[pri:0, instance:Runnerpackage.RunnerClass@3159c4b8]" name="feature" duration-ms="21269" started-at="2019-05-05T04:58:46Z" data-provider="features" finished-at="2019-05-05T04:59:07Z">
          <params>
            <param index="0">
              <value>
                <![CDATA["Login with no email with valid password"]]>
              </value>
            </param>
            <param index="1">
              <value>
                <![CDATA["Login"]]>
              </value>
            </param>
          </params>
          <reporter-output>
          </reporter-output>
        </test-method> <!-- feature -->
        <test-method status="PASS" signature="feature(cucumber.api.testng.PickleEventWrapper, cucumber.api.testng.CucumberFeatureWrapper)[pri:0, instance:Runnerpackage.RunnerClass@3159c4b8]" name="feature" duration-ms="20630" started-at="2019-05-05T04:59:07Z" data-provider="features" finished-at="2019-05-05T04:59:28Z">
          <params>
            <param index="0">
              <value>
                <![CDATA["Login with valid email and no password"]]>
              </value>
            </param>
            <param index="1">
              <value>
                <![CDATA["Login"]]>
              </value>
            </param>
          </params>
          <reporter-output>
          </reporter-output>
        </test-method> <!-- feature -->
        <test-method status="PASS" signature="feature(cucumber.api.testng.PickleEventWrapper, cucumber.api.testng.CucumberFeatureWrapper)[pri:0, instance:Runnerpackage.RunnerClass@3159c4b8]" name="feature" duration-ms="20678" started-at="2019-05-05T04:59:28Z" data-provider="features" finished-at="2019-05-05T04:59:49Z">
          <params>
            <param index="0">
              <value>
                <![CDATA["Login with no email no password"]]>
              </value>
            </param>
            <param index="1">
              <value>
                <![CDATA["Login"]]>
              </value>
            </param>
          </params>
          <reporter-output>
          </reporter-output>
        </test-method> <!-- feature -->
        <test-method status="PASS" signature="feature(cucumber.api.testng.PickleEventWrapper, cucumber.api.testng.CucumberFeatureWrapper)[pri:0, instance:Runnerpackage.RunnerClass@3159c4b8]" name="feature" duration-ms="20732" started-at="2019-05-05T04:59:49Z" data-provider="features" finished-at="2019-05-05T05:00:09Z">
          <params>
            <param index="0">
              <value>
                <![CDATA["Login with invalid username and valid password"]]>
              </value>
            </param>
            <param index="1">
              <value>
                <![CDATA["Login"]]>
              </value>
            </param>
          </params>
          <reporter-output>
          </reporter-output>
        </test-method> <!-- feature -->
        <test-method status="PASS" signature="feature(cucumber.api.testng.PickleEventWrapper, cucumber.api.testng.CucumberFeatureWrapper)[pri:0, instance:Runnerpackage.RunnerClass@3159c4b8]" name="feature" duration-ms="23211" started-at="2019-05-05T05:00:09Z" data-provider="features" finished-at="2019-05-05T05:00:33Z">
          <params>
            <param index="0">
              <value>
                <![CDATA["Login with valid username and invalid password"]]>
              </value>
            </param>
            <param index="1">
              <value>
                <![CDATA["Login"]]>
              </value>
            </param>
          </params>
          <reporter-output>
          </reporter-output>
        </test-method> <!-- feature -->
        <test-method status="PASS" signature="feature(cucumber.api.testng.PickleEventWrapper, cucumber.api.testng.CucumberFeatureWrapper)[pri:0, instance:Runnerpackage.RunnerClass@3159c4b8]" name="feature" duration-ms="20966" started-at="2019-05-05T05:00:33Z" data-provider="features" finished-at="2019-05-05T05:00:54Z">
          <params>
            <param index="0">
              <value>
                <![CDATA["Login with invalid username and invalid password"]]>
              </value>
            </param>
            <param index="1">
              <value>
                <![CDATA["Login"]]>
              </value>
            </param>
          </params>
          <reporter-output>
          </reporter-output>
        </test-method> <!-- feature -->
        <test-method status="PASS" signature="teardown()[pri:0, instance:Runnerpackage.RunnerClass@3159c4b8]" name="teardown" is-config="true" duration-ms="317" started-at="2019-05-05T05:00:54Z" finished-at="2019-05-05T05:00:54Z">
          <reporter-output>
          </reporter-output>
        </test-method> <!-- teardown -->
      </class> <!-- Runnerpackage.RunnerClass -->
    </test> <!-- Default test -->
  </suite> <!-- Default suite -->
</testng-results>
