<?xml version="1.0" encoding="UTF-8"?>
<!-- Generated by org.testng.reporters.JUnitXMLReporter -->
<testsuite hostname="hassan-VirtualBox" name="Default test" tests="12" failures="0" timestamp="30 Apr 2019 02:49:33 GMT" time="122.189" errors="0">
  <testcase name="feature" time="8.901" classname="Runnerpackage.RunnerClass"/>
  <testcase name="feature" time="8.569" classname="Runnerpackage.RunnerClass"/>
  <testcase name="feature" time="6.753" classname="Runnerpackage.RunnerClass"/>
  <testcase name="feature" time="6.152" classname="Runnerpackage.RunnerClass"/>
  <testcase name="feature" time="9.829" classname="Runnerpackage.RunnerClass"/>
  <testcase name="feature" time="13.244" classname="Runnerpackage.RunnerClass"/>
  <testcase name="feature" time="10.196" classname="Runnerpackage.RunnerClass"/>
  <testcase name="feature" time="10.531" classname="Runnerpackage.RunnerClass"/>
  <testcase name="feature" time="11.565" classname="Runnerpackage.RunnerClass"/>
  <testcase name="feature" time="12.211" classname="Runnerpackage.RunnerClass"/>
  <testcase name="feature" time="11.585" classname="Runnerpackage.RunnerClass"/>
  <testcase name="feature" time="11.831" classname="Runnerpackage.RunnerClass"/>
</testsuite> <!-- Default test -->
