<?xml version="1.0" encoding="UTF-8"?>
<!-- Generated by org.testng.reporters.JUnitXMLReporter -->
<testsuite hostname="dell-PC" ignored="0" name="Default test" tests="15" failures="0" timestamp="05 May 2019 05:00:54 GMT" time="427.689" errors="0">
  <testcase name="feature" time="21.831" classname="Runnerpackage.RunnerClass"/>
  <testcase name="feature" time="18.231" classname="Runnerpackage.RunnerClass"/>
  <testcase name="feature" time="62.655" classname="Runnerpackage.RunnerClass"/>
  <testcase name="feature" time="62.187" classname="Runnerpackage.RunnerClass"/>
  <testcase name="feature" time="61.477" classname="Runnerpackage.RunnerClass"/>
  <testcase name="feature" time="15.003" classname="Runnerpackage.RunnerClass"/>
  <testcase name="feature" time="17.175" classname="Runnerpackage.RunnerClass"/>
  <testcase name="feature" time="18.195" classname="Runnerpackage.RunnerClass"/>
  <testcase name="feature" time="22.44" classname="Runnerpackage.RunnerClass"/>
  <testcase name="feature" time="21.269" classname="Runnerpackage.RunnerClass"/>
  <testcase name="feature" time="20.63" classname="Runnerpackage.RunnerClass"/>
  <testcase name="feature" time="20.678" classname="Runnerpackage.RunnerClass"/>
  <testcase name="feature" time="20.732" classname="Runnerpackage.RunnerClass"/>
  <testcase name="feature" time="23.211" classname="Runnerpackage.RunnerClass"/>
  <testcase name="feature" time="20.966" classname="Runnerpackage.RunnerClass"/>
</testsuite> <!-- Default test -->
